<?xml version="1.0" encoding="UTF-8"?>
<testsuite name="com.aor.numbers.ListSorterTest" tests="2" skipped="0" failures="0" errors="0" timestamp="2022-10-19T09:50:05" hostname="LAPTOP-RM9MUP23" time="0.042">
  <properties/>
  <testcase name="sort()" classname="com.aor.numbers.ListSorterTest" time="0.038"/>
  <testcase name="sort_bug()" classname="com.aor.numbers.ListSorterTest" time="0.003"/>
  <system-out><![CDATA[]]></system-out>
  <system-err><![CDATA[]]></system-err>
</testsuite>
