<?xml version="1.0" encoding="UTF-8"?>
<testsuite name="com.aor.numbers.DivisibleByFilterTest" tests="1" skipped="0" failures="0" errors="0" timestamp="2022-10-25T22:28:35" hostname="LAPTOP-RM9MUP23" time="0.02">
  <properties/>
  <testcase name="Accept()" classname="com.aor.numbers.DivisibleByFilterTest" time="0.02"/>
  <system-out><![CDATA[]]></system-out>
  <system-err><![CDATA[]]></system-err>
</testsuite>
