<?xml version="1.0" encoding="UTF-8"?>
<testsuite name="com.aor.numbers.ListSorterTest" tests="2" skipped="0" failures="0" errors="0" timestamp="2022-10-23T00:09:44" hostname="LAPTOP-RM9MUP23" time="0.023">
  <properties/>
  <testcase name="sort()" classname="com.aor.numbers.ListSorterTest" time="0.015"/>
  <testcase name="sort_bug()" classname="com.aor.numbers.ListSorterTest" time="0.007"/>
  <system-out><![CDATA[]]></system-out>
  <system-err><![CDATA[]]></system-err>
</testsuite>
