<?xml version="1.0" encoding="UTF-8"?>
<testsuite name="com.aor.numbers.ListSorterTest" tests="2" skipped="0" failures="0" errors="0" timestamp="2022-10-22T23:05:10" hostname="LAPTOP-RM9MUP23" time="0.063">
  <properties/>
  <testcase name="sort()" classname="com.aor.numbers.ListSorterTest" time="0.056"/>
  <testcase name="sort_bug()" classname="com.aor.numbers.ListSorterTest" time="0.002"/>
  <system-out><![CDATA[]]></system-out>
  <system-err><![CDATA[]]></system-err>
</testsuite>
